{"C:/Learnings/newlearning/barchart/bar-chart/src/App.jsx": {"path":"C:/Learnings/newlearning/barchart/bar-chart/src/App.jsx","statementMap":{"0":{"start":{"line":6,"column":2},"end":{"line":11,"column":null}}},"fnMap":{"0":{"name":"App","decl":{"start":{"line":4,"column":9},"end":{"line":4,"column":15}},"loc":{"start":{"line":4,"column":15},"end":{"line":13,"column":null}}}},"branchMap":{},"s":{"0":1},"f":{"0":1},"b":{}}
,"C:/Learnings/newlearning/barchart/bar-chart/src/App.test.jsx": {"path":"C:/Learnings/newlearning/barchart/bar-chart/src/App.test.jsx","statementMap":{"0":{"start":{"line":4,"column":0},"end":{"line":9,"column":null}},"1":{"start":{"line":5,"column":2},"end":{"line":8,"column":null}},"2":{"start":{"line":6,"column":4},"end":{"line":6,"column":null}},"3":{"start":{"line":7,"column":4},"end":{"line":7,"column":null}}},"fnMap":{"0":{"name":"(anonymous_0)","decl":{"start":{"line":4,"column":16},"end":{"line":4,"column":22}},"loc":{"start":{"line":4,"column":22},"end":{"line":9,"column":1}}},"1":{"name":"(anonymous_1)","decl":{"start":{"line":5,"column":34},"end":{"line":5,"column":40}},"loc":{"start":{"line":5,"column":40},"end":{"line":8,"column":3}}}},"branchMap":{},"s":{"0":1,"1":1,"2":1,"3":1},"f":{"0":1,"1":1},"b":{}}
,"C:/Learnings/newlearning/barchart/bar-chart/src/BarChart.jsx": {"path":"C:/Learnings/newlearning/barchart/bar-chart/src/BarChart.jsx","statementMap":{"0":{"start":{"line":6,"column":4},"end":{"line":6,"column":null}},"1":{"start":{"line":7,"column":19},"end":{"line":17,"column":null}},"2":{"start":{"line":19,"column":22},"end":{"line":27,"column":null}},"3":{"start":{"line":20,"column":33},"end":{"line":20,"column":42}},"4":{"start":{"line":24,"column":35},"end":{"line":24,"column":51}},"5":{"start":{"line":30,"column":4},"end":{"line":33,"column":null}}},"fnMap":{"0":{"name":"BarChart","decl":{"start":{"line":5,"column":9},"end":{"line":5,"column":18}},"loc":{"start":{"line":5,"column":25},"end":{"line":35,"column":null}}},"1":{"name":"(anonymous_1)","decl":{"start":{"line":20,"column":25},"end":{"line":20,"column":33}},"loc":{"start":{"line":20,"column":33},"end":{"line":20,"column":42}}},"2":{"name":"(anonymous_2)","decl":{"start":{"line":24,"column":27},"end":{"line":24,"column":35}},"loc":{"start":{"line":24,"column":35},"end":{"line":24,"column":51}}}},"branchMap":{},"s":{"0":1,"1":1,"2":1,"3":7,"4":7,"5":1},"f":{"0":1,"1":7,"2":7},"b":{}}
,"C:/Learnings/newlearning/barchart/bar-chart/src/BarChart.test.jsx": {"path":"C:/Learnings/newlearning/barchart/bar-chart/src/BarChart.test.jsx","statementMap":{"0":{"start":{"line":5,"column":0},"end":{"line":9,"column":null}},"1":{"start":{"line":6,"column":2},"end":{"line":8,"column":null}},"2":{"start":{"line":7,"column":4},"end":{"line":7,"column":null}}},"fnMap":{"0":{"name":"(anonymous_0)","decl":{"start":{"line":5,"column":21},"end":{"line":5,"column":27}},"loc":{"start":{"line":5,"column":27},"end":{"line":9,"column":1}}},"1":{"name":"(anonymous_1)","decl":{"start":{"line":6,"column":25},"end":{"line":6,"column":31}},"loc":{"start":{"line":6,"column":31},"end":{"line":8,"column":3}}}},"branchMap":{},"s":{"0":1,"1":1,"2":1},"f":{"0":1,"1":1},"b":{}}
,"C:/Learnings/newlearning/barchart/bar-chart/src/Data.js": {"path":"C:/Learnings/newlearning/barchart/bar-chart/src/Data.js","statementMap":{"0":{"start":{"line":1,"column":26},"end":{"line":14,"column":1}}},"fnMap":{},"branchMap":{},"s":{"0":2},"f":{},"b":{}}
}
